c:\users\kuzmi\onedrive\рабочий стол\тимп\лабораторная №6\6 лабораторная работа\лаборатораная5\debug\лабораторная5.pch
c:\users\kuzmi\onedrive\рабочий стол\тимп\лабораторная №6\6 лабораторная работа\лаборатораная5\debug\vc142.pdb
c:\users\kuzmi\onedrive\рабочий стол\тимп\лабораторная №6\6 лабораторная работа\лаборатораная5\debug\vc142.idb
c:\users\kuzmi\onedrive\рабочий стол\тимп\лабораторная №6\6 лабораторная работа\лаборатораная5\debug\stdafx.obj
c:\users\kuzmi\onedrive\рабочий стол\тимп\лабораторная №6\6 лабораторная работа\лаборатораная5\debug\лабораторная6.obj
c:\users\kuzmi\onedrive\рабочий стол\тимп\лабораторная №6\6 лабораторная работа\debug\лабораторная5.exe
c:\users\kuzmi\onedrive\рабочий стол\тимп\лабораторная №6\6 лабораторная работа\debug\лабораторная5.ilk
c:\users\kuzmi\onedrive\рабочий стол\тимп\лабораторная №6\6 лабораторная работа\debug\лабораторная5.pdb
c:\users\kuzmi\onedrive\рабочий стол\тимп\лабораторная №6\6 лабораторная работа\лаборатораная5\debug\лаборатораная5.res
m:\6 лабораторная работа\лаборатораная5\debug\laba6.obj
m:\6 лабораторная работа\лаборатораная5\debug\stdafx.obj
m:\6 лабораторная работа\лаборатораная5\debug\лаборатораная5.obj
m:\6 лабораторная работа\лаборатораная5\debug\лабораторная5.obj
m:\6 лабораторная работа\лаборатораная5\debug\лабораторная6.obj
m:\6 лабораторная работа\лаборатораная5\debug\лаборатораная5.res
m:\6 лабораторная работа\лаборатораная5\debug\laba6.pch
m:\6 лабораторная работа\лаборатораная5\debug\лаборатораная5.pch
m:\6 лабораторная работа\лаборатораная5\debug\лабораторная5.pch
m:\6 лабораторная работа\лаборатораная5\debug\vc141.idb
m:\6 лабораторная работа\лаборатораная5\debug\vc142.idb
m:\6 лабораторная работа\лаборатораная5\debug\vc141.pdb
m:\6 лабораторная работа\лаборатораная5\debug\vc142.pdb
m:\6 лабораторная работа\debug\лабораторная5.pdb
m:\6 лабораторная работа\debug\лабораторная5.exe
m:\6 лабораторная работа\debug\лабораторная5.ilk
m:\6 лабораторная работа\лаборатораная5\debug\лабораторная5.tlog\cl.command.1.tlog
m:\6 лабораторная работа\лаборатораная5\debug\лабораторная5.tlog\cl.read.1.tlog
m:\6 лабораторная работа\лаборатораная5\debug\лабораторная5.tlog\cl.write.1.tlog
m:\6 лабораторная работа\лаборатораная5\debug\лабораторная5.tlog\link.command.1.tlog
m:\6 лабораторная работа\лаборатораная5\debug\лабораторная5.tlog\link.read.1.tlog
m:\6 лабораторная работа\лаборатораная5\debug\лабораторная5.tlog\link.write.1.tlog
m:\6 лабораторная работа\лаборатораная5\debug\лабораторная5.tlog\rc.command.1.tlog
m:\6 лабораторная работа\лаборатораная5\debug\лабораторная5.tlog\rc.read.1.tlog
m:\6 лабораторная работа\лаборатораная5\debug\лабораторная5.tlog\rc.write.1.tlog
